[0m14:25:41.496537 [debug] [MainThread]: Sending event: {'category': 'dbt', 'action': 'invocation', 'label': 'start', 'context': [<snowplow_tracker.self_describing_json.SelfDescribingJson object at 0x0000020395825E90>, <snowplow_tracker.self_describing_json.SelfDescribingJson object at 0x00000203958264D0>, <snowplow_tracker.self_describing_json.SelfDescribingJson object at 0x0000020395826BD0>]}


============================== 14:25:41.513755 | 9e68ef03-2ecc-4730-94c6-0ebdbabe669c ==============================
[0m14:25:41.513755 [info ] [MainThread]: Running with dbt=1.10.16
[0m14:25:41.513755 [debug] [MainThread]: running dbt with arguments {'version_check': 'True', 'no_print': 'None', 'static_parser': 'True', 'warn_error_options': 'WarnErrorOptionsV2(error=[], warn=[], silence=[])', 'target_path': 'None', 'printer_width': '80', 'write_json': 'True', 'empty': 'None', 'log_cache_events': 'False', 'introspect': 'True', 'cache_selected_only': 'False', 'log_format': 'default', 'debug': 'False', 'fail_fast': 'False', 'profiles_dir': 'C:\\Users\\giu_r\\.dbt', 'send_anonymous_usage_stats': 'True', 'quiet': 'False', 'warn_error': 'None', 'partial_parse': 'True', 'invocation_command': 'dbt init vendas_dbt', 'use_colors': 'True', 'indirect_selection': 'eager', 'use_experimental_parser': 'False', 'log_path': 'logs'}
[0m14:25:41.532861 [info ] [MainThread]: Creating dbt configuration folder at C:\Users\giu_r\.dbt
[0m14:25:41.534851 [debug] [MainThread]: Starter project path: C:\Users\giu_r\ZapFlowNews\.venv\Lib\site-packages\dbt\include\starter_project
[0m14:25:41.553964 [info ] [MainThread]: 
Your new dbt project "vendas_dbt" was created!

For more information on how to configure the profiles.yml file,
please consult the dbt documentation here:

  https://docs.getdbt.com/docs/configure-your-profile

One more thing:

Need help? Don't hesitate to reach out to us via GitHub issues or on Slack:

  https://community.getdbt.com/

Happy modeling!

[0m14:25:41.554712 [info ] [MainThread]: Setting up your profile.
[0m14:28:52.517087 [info ] [MainThread]: Profile vendas_dbt written to C:\Users\giu_r\.dbt\profiles.yml using target's profile_template.yml and your supplied values. Run 'dbt debug' to validate the connection.
[0m14:28:52.530907 [debug] [MainThread]: Command `dbt init` succeeded at 14:28:52.517087 after 191.10 seconds
[0m14:28:52.532599 [debug] [MainThread]: Sending event: {'category': 'dbt', 'action': 'invocation', 'label': 'end', 'context': [<snowplow_tracker.self_describing_json.SelfDescribingJson object at 0x00000203957D9610>, <snowplow_tracker.self_describing_json.SelfDescribingJson object at 0x000002038F6C3050>, <snowplow_tracker.self_describing_json.SelfDescribingJson object at 0x0000020395836010>]}
[0m14:28:52.534981 [debug] [MainThread]: Flushing usage events
[0m14:28:53.478212 [debug] [MainThread]: An error was encountered while trying to flush usage events
[0m06:50:13.933304 [debug] [MainThread]: Sending event: {'category': 'dbt', 'action': 'invocation', 'label': 'start', 'context': [<snowplow_tracker.self_describing_json.SelfDescribingJson object at 0x0000020FF2BCC210>, <snowplow_tracker.self_describing_json.SelfDescribingJson object at 0x0000020FF2C26D50>, <snowplow_tracker.self_describing_json.SelfDescribingJson object at 0x0000020FF2C25F90>]}


============================== 06:50:13.937603 | bc86cb36-473f-419a-a749-27a33f529337 ==============================
[0m06:50:13.937603 [info ] [MainThread]: Running with dbt=1.10.16
[0m06:50:13.937603 [debug] [MainThread]: running dbt with arguments {'static_parser': 'True', 'no_print': 'None', 'version_check': 'True', 'warn_error_options': 'WarnErrorOptionsV2(error=[], warn=[], silence=[])', 'target_path': 'None', 'printer_width': '80', 'write_json': 'True', 'empty': 'None', 'log_cache_events': 'False', 'introspect': 'True', 'cache_selected_only': 'False', 'log_format': 'default', 'debug': 'False', 'fail_fast': 'False', 'partial_parse': 'True', 'send_anonymous_usage_stats': 'True', 'quiet': 'False', 'warn_error': 'None', 'profiles_dir': 'C:\\Users\\giu_r\\.dbt', 'use_colors': 'True', 'invocation_command': 'dbt debug', 'indirect_selection': 'eager', 'use_experimental_parser': 'False', 'log_path': 'logs'}
[0m06:50:13.988105 [info ] [MainThread]: dbt version: 1.10.16
[0m06:50:13.988105 [info ] [MainThread]: python version: 3.11.9
[0m06:50:13.988105 [info ] [MainThread]: python path: C:\Users\giu_r\ZapFlowNews\.venv\Scripts\python.exe
[0m06:50:13.988105 [info ] [MainThread]: os info: Windows-10-10.0.26200-SP0
[0m06:50:14.046885 [info ] [MainThread]: Using profiles dir at C:\Users\giu_r\.dbt
[0m06:50:14.046885 [info ] [MainThread]: Using profiles.yml file at C:\Users\giu_r\.dbt\profiles.yml
[0m06:50:14.046885 [info ] [MainThread]: Using dbt_project.yml file at C:\Users\giu_r\ZapFlowNews\dbt_project.yml
[0m06:50:14.046885 [info ] [MainThread]: adapter type: postgres
[0m06:50:14.046885 [info ] [MainThread]: adapter version: 1.9.1
[0m06:50:14.046885 [info ] [MainThread]: Configuration:
[0m06:50:14.063064 [info ] [MainThread]:   profiles.yml file [[32mOK found and valid[0m]
[0m06:50:14.063064 [info ] [MainThread]:   dbt_project.yml file [[31mERROR not found[0m]
[0m06:50:14.063064 [info ] [MainThread]: Required dependencies:
[0m06:50:14.065850 [debug] [MainThread]: Executing "git --help"
[0m06:50:14.121283 [debug] [MainThread]: STDOUT: "b"usage: git [-v | --version] [-h | --help] [-C <path>] [-c <name>=<value>]\n           [--exec-path[=<path>]] [--html-path] [--man-path] [--info-path]\n           [-p | --paginate | -P | --no-pager] [--no-replace-objects] [--no-lazy-fetch]\n           [--no-optional-locks] [--no-advice] [--bare] [--git-dir=<path>]\n           [--work-tree=<path>] [--namespace=<name>] [--config-env=<name>=<envvar>]\n           <command> [<args>]\n\nThese are common Git commands used in various situations:\n\nstart a working area (see also: git help tutorial)\n   clone      Clone a repository into a new directory\n   init       Create an empty Git repository or reinitialize an existing one\n\nwork on the current change (see also: git help everyday)\n   add        Add file contents to the index\n   mv         Move or rename a file, a directory, or a symlink\n   restore    Restore working tree files\n   rm         Remove files from the working tree and from the index\n\nexamine the history and state (see also: git help revisions)\n   bisect     Use binary search to find the commit that introduced a bug\n   diff       Show changes between commits, commit and working tree, etc\n   grep       Print lines matching a pattern\n   log        Show commit logs\n   show       Show various types of objects\n   status     Show the working tree status\n\ngrow, mark and tweak your common history\n   backfill   Download missing objects in a partial clone\n   branch     List, create, or delete branches\n   commit     Record changes to the repository\n   merge      Join two or more development histories together\n   rebase     Reapply commits on top of another base tip\n   reset      Reset current HEAD to the specified state\n   switch     Switch branches\n   tag        Create, list, delete or verify a tag object signed with GPG\n\ncollaborate (see also: git help workflows)\n   fetch      Download objects and refs from another repository\n   pull       Fetch from and integrate with another repository or a local branch\n   push       Update remote refs along with associated objects\n\n'git help -a' and 'git help -g' list available subcommands and some\nconcept guides. See 'git help <command>' or 'git help <concept>'\nto read about a specific subcommand or concept.\nSee 'git help git' for an overview of the system.\n""
[0m06:50:14.121283 [debug] [MainThread]: STDERR: "b''"
[0m06:50:14.121283 [info ] [MainThread]:  - git [[32mOK found[0m]

[0m06:50:14.121283 [info ] [MainThread]: Connection:
[0m06:50:14.121283 [info ] [MainThread]:   host: aws-1-us-east-2.pooler.supabase.com
[0m06:50:14.121283 [info ] [MainThread]:   port: 5432
[0m06:50:14.121283 [info ] [MainThread]:   user: postgres.tlxlpvwasvhxmtqzucgq
[0m06:50:14.121283 [info ] [MainThread]:   database: postgres
[0m06:50:14.121283 [info ] [MainThread]:   schema: public
[0m06:50:14.121283 [info ] [MainThread]:   connect_timeout: 10
[0m06:50:14.121283 [info ] [MainThread]:   role: None
[0m06:50:14.121283 [info ] [MainThread]:   search_path: None
[0m06:50:14.121283 [info ] [MainThread]:   keepalives_idle: 0
[0m06:50:14.131739 [info ] [MainThread]:   sslmode: None
[0m06:50:14.132767 [info ] [MainThread]:   sslcert: None
[0m06:50:14.133637 [info ] [MainThread]:   sslkey: None
[0m06:50:14.134731 [info ] [MainThread]:   sslrootcert: None
[0m06:50:14.134731 [info ] [MainThread]:   application_name: dbt
[0m06:50:14.136242 [info ] [MainThread]:   retries: 1
[0m06:50:14.136242 [info ] [MainThread]: Registered adapter: postgres=1.9.1
[0m06:50:14.358891 [debug] [MainThread]: Acquiring new postgres connection 'debug'
[0m06:50:14.464529 [debug] [MainThread]: Using postgres connection "debug"
[0m06:50:14.464529 [debug] [MainThread]: On debug: select 1 as id
[0m06:50:14.469125 [debug] [MainThread]: Opening a new connection, currently in state init
[0m06:50:16.049714 [debug] [MainThread]: SQL status: SELECT 1 in 1.589 seconds
[0m06:50:16.049714 [debug] [MainThread]: On debug: Close
[0m06:50:16.049714 [info ] [MainThread]:   Connection test: [[32mOK connection ok[0m]

[0m06:50:16.049714 [info ] [MainThread]: [31m1 check failed:[0m
[0m06:50:16.065427 [info ] [MainThread]: Project loading failed for the following reason:
 project path <C:\Users\giu_r\ZapFlowNews\dbt_project.yml> not found

[0m06:50:16.065427 [debug] [MainThread]: Command `dbt debug` failed at 06:50:16.065427 after 2.21 seconds
[0m06:50:16.065427 [debug] [MainThread]: Connection 'debug' was properly closed.
[0m06:50:16.065427 [debug] [MainThread]: Sending event: {'category': 'dbt', 'action': 'invocation', 'label': 'end', 'context': [<snowplow_tracker.self_describing_json.SelfDescribingJson object at 0x0000020FF2EDD590>, <snowplow_tracker.self_describing_json.SelfDescribingJson object at 0x0000020FF2BCB950>, <snowplow_tracker.self_describing_json.SelfDescribingJson object at 0x0000020FECB03FD0>]}
[0m06:50:16.065427 [debug] [MainThread]: Flushing usage events
[0m06:50:17.043639 [debug] [MainThread]: An error was encountered while trying to flush usage events
[0m14:03:03.855857 [debug] [MainThread]: Sending event: {'category': 'dbt', 'action': 'invocation', 'label': 'start', 'context': [<snowplow_tracker.self_describing_json.SelfDescribingJson object at 0x000001FD708763D0>, <snowplow_tracker.self_describing_json.SelfDescribingJson object at 0x000001FD70B274D0>, <snowplow_tracker.self_describing_json.SelfDescribingJson object at 0x000001FD6B78DAD0>]}


============================== 14:03:03.855857 | e57550ac-51c2-4c86-852a-c9bf10b36756 ==============================
[0m14:03:03.855857 [info ] [MainThread]: Running with dbt=1.10.16
[0m14:03:03.855857 [debug] [MainThread]: running dbt with arguments {'static_parser': 'True', 'no_print': 'None', 'version_check': 'True', 'target_path': 'None', 'warn_error_options': 'WarnErrorOptionsV2(error=[], warn=[], silence=[])', 'printer_width': '80', 'write_json': 'True', 'empty': 'False', 'log_cache_events': 'False', 'introspect': 'True', 'cache_selected_only': 'False', 'fail_fast': 'False', 'debug': 'False', 'log_format': 'default', 'partial_parse': 'True', 'send_anonymous_usage_stats': 'True', 'quiet': 'False', 'warn_error': 'None', 'profiles_dir': 'C:\\Users\\giu_r\\.dbt', 'invocation_command': 'dbt run', 'use_colors': 'True', 'indirect_selection': 'eager', 'use_experimental_parser': 'False', 'log_path': 'logs'}
[0m14:03:03.855857 [error] [MainThread]: Encountered an error:
Runtime Error
  No dbt_project.yml found at expected path C:\Users\giu_r\ZapFlowNews\dbt_project.yml
  Verify that each entry within packages.yml (and their transitive dependencies) contains a file named dbt_project.yml
  
[0m14:03:03.855857 [debug] [MainThread]: Command `dbt run` failed at 14:03:03.855857 after 0.09 seconds
[0m14:03:03.855857 [debug] [MainThread]: Sending event: {'category': 'dbt', 'action': 'invocation', 'label': 'end', 'context': [<snowplow_tracker.self_describing_json.SelfDescribingJson object at 0x000001FD70B27E90>, <snowplow_tracker.self_describing_json.SelfDescribingJson object at 0x000001FD70B26690>, <snowplow_tracker.self_describing_json.SelfDescribingJson object at 0x000001FD6A9E3FD0>]}
[0m14:03:03.855857 [debug] [MainThread]: Flushing usage events
[0m14:03:04.841530 [debug] [MainThread]: An error was encountered while trying to flush usage events
[0m14:04:41.519727 [debug] [MainThread]: Sending event: {'category': 'dbt', 'action': 'invocation', 'label': 'start', 'context': [<snowplow_tracker.self_describing_json.SelfDescribingJson object at 0x00000205D3A27410>, <snowplow_tracker.self_describing_json.SelfDescribingJson object at 0x00000205D39CD410>, <snowplow_tracker.self_describing_json.SelfDescribingJson object at 0x00000205D1BEBE50>]}


============================== 14:04:41.519727 | bd745989-dda6-4a26-8147-3b1ea61b3e98 ==============================
[0m14:04:41.519727 [info ] [MainThread]: Running with dbt=1.10.16
[0m14:04:41.519727 [debug] [MainThread]: running dbt with arguments {'version_check': 'True', 'no_print': 'None', 'static_parser': 'True', 'warn_error_options': 'WarnErrorOptionsV2(error=[], warn=[], silence=[])', 'target_path': 'None', 'printer_width': '80', 'write_json': 'True', 'empty': 'None', 'log_cache_events': 'False', 'introspect': 'True', 'cache_selected_only': 'False', 'fail_fast': 'False', 'debug': 'False', 'log_format': 'default', 'partial_parse': 'True', 'send_anonymous_usage_stats': 'True', 'quiet': 'False', 'warn_error': 'None', 'profiles_dir': 'C:\\Users\\giu_r\\.dbt', 'indirect_selection': 'eager', 'use_colors': 'True', 'invocation_command': 'dbt init ZapFlowNews', 'use_experimental_parser': 'False', 'log_path': 'logs'}
[0m14:04:41.564303 [debug] [MainThread]: Starter project path: C:\Users\giu_r\ZapFlowNews\.venv\Lib\site-packages\dbt\include\starter_project
[0m14:04:41.575744 [info ] [MainThread]: 
Your new dbt project "ZapFlowNews" was created!

For more information on how to configure the profiles.yml file,
please consult the dbt documentation here:

  https://docs.getdbt.com/docs/configure-your-profile

One more thing:

Need help? Don't hesitate to reach out to us via GitHub issues or on Slack:

  https://community.getdbt.com/

Happy modeling!

[0m14:04:41.575744 [info ] [MainThread]: Setting up your profile.
[0m14:05:43.856356 [debug] [MainThread]: Sending event: {'category': 'dbt', 'action': 'invocation', 'label': 'start', 'context': [<snowplow_tracker.self_describing_json.SelfDescribingJson object at 0x0000025C4CE6E0D0>, <snowplow_tracker.self_describing_json.SelfDescribingJson object at 0x0000025C521CE2D0>, <snowplow_tracker.self_describing_json.SelfDescribingJson object at 0x0000025C52226310>]}


============================== 14:05:43.856356 | fd8bd15c-3aa4-4c65-a234-bf925920b86c ==============================
[0m14:05:43.856356 [info ] [MainThread]: Running with dbt=1.10.16
[0m14:05:43.856356 [debug] [MainThread]: running dbt with arguments {'version_check': 'True', 'no_print': 'None', 'static_parser': 'True', 'warn_error_options': 'WarnErrorOptionsV2(error=[], warn=[], silence=[])', 'target_path': 'None', 'printer_width': '80', 'write_json': 'True', 'introspect': 'True', 'log_cache_events': 'False', 'empty': 'False', 'cache_selected_only': 'False', 'log_format': 'default', 'debug': 'False', 'fail_fast': 'False', 'profiles_dir': 'C:\\Users\\giu_r\\.dbt', 'send_anonymous_usage_stats': 'True', 'quiet': 'False', 'warn_error': 'None', 'partial_parse': 'True', 'use_colors': 'True', 'indirect_selection': 'eager', 'invocation_command': 'dbt run --select silver_vendas', 'use_experimental_parser': 'False', 'log_path': 'logs'}
[0m14:05:43.856356 [error] [MainThread]: Encountered an error:
Runtime Error
  No dbt_project.yml found at expected path C:\Users\giu_r\ZapFlowNews\dbt_project.yml
  Verify that each entry within packages.yml (and their transitive dependencies) contains a file named dbt_project.yml
  
[0m14:05:43.856356 [debug] [MainThread]: Command `dbt run` failed at 14:05:43.856356 after 0.09 seconds
[0m14:05:43.856356 [debug] [MainThread]: Sending event: {'category': 'dbt', 'action': 'invocation', 'label': 'end', 'context': [<snowplow_tracker.self_describing_json.SelfDescribingJson object at 0x0000025C521CF1D0>, <snowplow_tracker.self_describing_json.SelfDescribingJson object at 0x0000025C521CC110>, <snowplow_tracker.self_describing_json.SelfDescribingJson object at 0x0000025C4C0C3090>]}
[0m14:05:43.856356 [debug] [MainThread]: Flushing usage events
[0m14:05:44.867343 [debug] [MainThread]: An error was encountered while trying to flush usage events
[0m14:33:14.930031 [debug] [MainThread]: Sending event: {'category': 'dbt', 'action': 'invocation', 'label': 'start', 'context': [<snowplow_tracker.self_describing_json.SelfDescribingJson object at 0x0000027A25F274D0>, <snowplow_tracker.self_describing_json.SelfDescribingJson object at 0x0000027A25B73F50>, <snowplow_tracker.self_describing_json.SelfDescribingJson object at 0x0000027A25F26B50>]}


============================== 14:33:14.940371 | 73837a62-47a9-42e0-89e6-6b0e499cb382 ==============================
[0m14:33:14.940371 [info ] [MainThread]: Running with dbt=1.10.16
[0m14:33:14.941355 [debug] [MainThread]: running dbt with arguments {'static_parser': 'True', 'no_print': 'None', 'version_check': 'True', 'warn_error_options': 'WarnErrorOptionsV2(error=[], warn=[], silence=[])', 'target_path': 'None', 'printer_width': '80', 'write_json': 'True', 'empty': 'False', 'log_cache_events': 'False', 'introspect': 'True', 'cache_selected_only': 'False', 'fail_fast': 'False', 'debug': 'False', 'log_format': 'default', 'profiles_dir': 'C:\\Users\\giu_r\\.dbt', 'send_anonymous_usage_stats': 'True', 'quiet': 'False', 'warn_error': 'None', 'partial_parse': 'True', 'invocation_command': 'dbt run --select gold_vendas_7_dias', 'indirect_selection': 'eager', 'use_colors': 'True', 'use_experimental_parser': 'False', 'log_path': 'logs'}
[0m14:33:14.941355 [error] [MainThread]: Encountered an error:
Runtime Error
  No dbt_project.yml found at expected path C:\Users\giu_r\ZapFlowNews\dbt_project.yml
  Verify that each entry within packages.yml (and their transitive dependencies) contains a file named dbt_project.yml
  
[0m14:33:14.942353 [debug] [MainThread]: Command `dbt run` failed at 14:33:14.942353 after 0.09 seconds
[0m14:33:14.943386 [debug] [MainThread]: Sending event: {'category': 'dbt', 'action': 'invocation', 'label': 'end', 'context': [<snowplow_tracker.self_describing_json.SelfDescribingJson object at 0x0000027A25ECDDD0>, <snowplow_tracker.self_describing_json.SelfDescribingJson object at 0x0000027A25ECC110>, <snowplow_tracker.self_describing_json.SelfDescribingJson object at 0x0000027A25C76A90>]}
[0m14:33:14.943386 [debug] [MainThread]: Flushing usage events
[0m14:33:16.077341 [debug] [MainThread]: An error was encountered while trying to flush usage events
